<?xml version="1.0" encoding="UTF-8"?>
<!-- Generated by org.testng.reporters.JUnitXMLReporter -->
<testsuite ignored="0" hostname="TYSS-Piyush-Baldaniya" failures="0" tests="1" name="Test3" time="23.568" errors="0" timestamp="2025-02-11T15:02:34 IST">
  <testcase classname="generic_utility.BaseClass" name="@AfterMethod amethod" time="2.175">
    <failure type="java.lang.NullPointerException" message="Cannot invoke &amp;quot;org.openqa.selenium.WebDriver.findElement(org.openqa.selenium.By)&amp;quot; because &amp;quot;driver&amp;quot; is null">
      <![CDATA[java.lang.NullPointerException: Cannot invoke "org.openqa.selenium.WebDriver.findElement(org.openqa.selenium.By)" because "driver" is null
at org.openqa.selenium.support.ui.ExpectedConditions$7.apply(ExpectedConditions.java:194)
at org.openqa.selenium.support.ui.ExpectedConditions$7.apply(ExpectedConditions.java:190)
at org.openqa.selenium.support.ui.ExpectedConditions$22.apply(ExpectedConditions.java:627)
at org.openqa.selenium.support.ui.ExpectedConditions$22.apply(ExpectedConditions.java:624)
at org.openqa.selenium.support.ui.FluentWait.until(FluentWait.java:203)
at generic_utility.BaseClass.amethod(BaseClass.java:82)
at java.base/java.util.ArrayList.forEach(ArrayList.java:1596)
at java.base/java.util.concurrent.FutureTask.run(FutureTask.java:317)
at java.base/java.util.concurrent.ThreadPoolExecutor.runWorker(ThreadPoolExecutor.java:1144)
at java.base/java.util.concurrent.ThreadPoolExecutor$Worker.run(ThreadPoolExecutor.java:642)
at java.base/java.lang.Thread.run(Thread.java:1583)
... Removed 21 stack frames]]>
    </failure>
  </testcase> <!-- @AfterMethod amethod -->
  <testcase classname="generic_utility.BaseClass" name="@AfterClass aclass" time="-1.739266352941E9">
    <skipped/>
  </testcase> <!-- @AfterClass aclass -->
  <testcase classname="organizations.CreateOrgWithPhoneTest" name="createOrgWithPhoneTest" time="23.545"/>
</testsuite> <!-- Test3 -->
