<?xml version="1.0" encoding="UTF-8"?>
<!-- Generated by org.testng.reporters.JUnitXMLReporter -->
<testsuite ignored="0" hostname="TYSS-Piyush-Baldaniya" failures="0" tests="1" name="Test" time="0.054" errors="0" timestamp="2025-02-12T15:51:05 IST">
  <testcase classname="generic_utility.BaseClass" name="@BeforeClass bclass" time="-1.739355665811E9">
    <failure type="org.testng.TestNGException" message="
Can inject only one of &amp;lt;ITestContext, XmlTest&amp;gt; into a @BeforeClass annotated bclass.
For more information on native dependency injection please refer to https://testng.org/doc/documentation-main.html#native-dependency-injection">
      <![CDATA[org.testng.TestNGException: 
Can inject only one of <ITestContext, XmlTest> into a @BeforeClass annotated bclass.
For more information on native dependency injection please refer to https://testng.org/doc/documentation-main.html#native-dependency-injection
at java.base/java.util.ArrayList.forEach(ArrayList.java:1596)
... Removed 22 stack frames]]>
    </failure>
  </testcase> <!-- @BeforeClass bclass -->
  <testcase classname="generic_utility.BaseClass" name="@BeforeMethod bmethod" time="-1.739355665832E9">
    <skipped/>
  </testcase> <!-- @BeforeMethod bmethod -->
  <testcase classname="generic_utility.BaseClass" name="@AfterMethod amethod" time="-1.73935566584E9">
    <skipped/>
  </testcase> <!-- @AfterMethod amethod -->
  <testcase classname="generic_utility.BaseClass" name="@AfterClass aclass" time="-1.739355665842E9">
    <skipped/>
  </testcase> <!-- @AfterClass aclass -->
  <testcase classname="organizations.CreateOrgTest" name="createOrgTest" time="0.0">
    <skipped/>
  </testcase> <!-- createOrgTest -->
</testsuite> <!-- Test -->
