<?xml version="1.0" encoding="UTF-8"?>
<!-- Generated by org.testng.reporters.JUnitXMLReporter -->
<testsuite ignored="2" hostname="TYSS-Piyush-Baldaniya" failures="0" tests="1" name="Test" time="42.916" errors="0" timestamp="2025-02-26T18:30:58 IST">
  <testcase classname="generic_utility.BaseClass" name="@AfterMethod amethod" time="4.965">
    <failure type="java.lang.NullPointerException" message="Cannot invoke &amp;quot;org.openqa.selenium.WebDriver.findElement(org.openqa.selenium.By)&amp;quot; because &amp;quot;driver&amp;quot; is null">
      <![CDATA[java.lang.NullPointerException: Cannot invoke "org.openqa.selenium.WebDriver.findElement(org.openqa.selenium.By)" because "driver" is null
at org.openqa.selenium.support.ui.ExpectedConditions$7.apply(ExpectedConditions.java:194)
at org.openqa.selenium.support.ui.ExpectedConditions$7.apply(ExpectedConditions.java:190)
at org.openqa.selenium.support.ui.ExpectedConditions$22.apply(ExpectedConditions.java:627)
at org.openqa.selenium.support.ui.ExpectedConditions$22.apply(ExpectedConditions.java:624)
at org.openqa.selenium.support.ui.FluentWait.until(FluentWait.java:203)
at generic_utility.BaseClass.amethod(BaseClass.java:99)
at java.base/java.util.ArrayList.forEach(ArrayList.java:1596)
... Removed 30 stack frames]]>
    </failure>
  </testcase> <!-- @AfterMethod amethod -->
  <testcase classname="generic_utility.BaseClass" name="@AfterClass aclass" time="-1.740574858511E9">
    <skipped/>
  </testcase> <!-- @AfterClass aclass -->
  <testcase classname="organizations.OrgTest" name="createOrgTest" time="29.575"/>
  <testcase classname="organizations.OrgTest" name="createOrgWithPhoneTest" time="0.0">
    <ignored/>
  </testcase> <!-- createOrgWithPhoneTest -->
  <testcase classname="organizations.OrgTest" name="createOrgWithIndTest" time="0.0">
    <ignored/>
  </testcase> <!-- createOrgWithIndTest -->
</testsuite> <!-- Test -->
