<?xml version="1.0" encoding="UTF-8"?>
<!-- Generated by org.testng.reporters.JUnitXMLReporter -->
<testsuite ignored="0" hostname="TYSS-Piyush-Baldaniya" failures="0" tests="1" name="Test1" time="0.055" errors="0" timestamp="2025-02-12T17:52:57 IST">
  <testcase classname="generic_utility.BaseClass" name="@BeforeClass bclass" time="-1.739362977652E9">
    <failure type="org.testng.TestNGException" message="
Can inject only one of &amp;lt;ITestContext, XmlTest&amp;gt; into a @BeforeClass annotated bclass.
For more information on native dependency injection please refer to https://testng.org/doc/documentation-main.html#native-dependency-injection">
      <![CDATA[org.testng.TestNGException: 
Can inject only one of <ITestContext, XmlTest> into a @BeforeClass annotated bclass.
For more information on native dependency injection please refer to https://testng.org/doc/documentation-main.html#native-dependency-injection
at java.base/java.util.ArrayList.forEach(ArrayList.java:1596)
at java.base/java.util.concurrent.FutureTask.run(FutureTask.java:317)
at java.base/java.util.concurrent.ThreadPoolExecutor.runWorker(ThreadPoolExecutor.java:1144)
at java.base/java.util.concurrent.ThreadPoolExecutor$Worker.run(ThreadPoolExecutor.java:642)
at java.base/java.lang.Thread.run(Thread.java:1583)
... Removed 13 stack frames]]>
    </failure>
  </testcase> <!-- @BeforeClass bclass -->
  <testcase classname="generic_utility.BaseClass" name="@BeforeClass bclass" time="-1.739362977652E9">
    <failure type="org.testng.TestNGException" message="
Can inject only one of &amp;lt;ITestContext, XmlTest&amp;gt; into a @BeforeClass annotated bclass.
For more information on native dependency injection please refer to https://testng.org/doc/documentation-main.html#native-dependency-injection">
      <![CDATA[org.testng.TestNGException: 
Can inject only one of <ITestContext, XmlTest> into a @BeforeClass annotated bclass.
For more information on native dependency injection please refer to https://testng.org/doc/documentation-main.html#native-dependency-injection
at java.base/java.util.ArrayList.forEach(ArrayList.java:1596)
at java.base/java.util.concurrent.FutureTask.run(FutureTask.java:317)
at java.base/java.util.concurrent.ThreadPoolExecutor.runWorker(ThreadPoolExecutor.java:1144)
at java.base/java.util.concurrent.ThreadPoolExecutor$Worker.run(ThreadPoolExecutor.java:642)
at java.base/java.lang.Thread.run(Thread.java:1583)
... Removed 13 stack frames]]>
    </failure>
  </testcase> <!-- @BeforeClass bclass -->
  <testcase classname="generic_utility.BaseClass" name="@AfterClass aclass" time="-1.73936297767E9">
    <skipped/>
  </testcase> <!-- @AfterClass aclass -->
  <testcase classname="generic_utility.BaseClass" name="@BeforeMethod bmethod" time="-1.739362977679E9">
    <skipped/>
  </testcase> <!-- @BeforeMethod bmethod -->
  <testcase classname="generic_utility.BaseClass" name="@AfterMethod amethod" time="-1.739362977687E9">
    <skipped/>
  </testcase> <!-- @AfterMethod amethod -->
  <testcase classname="generic_utility.BaseClass" name="@AfterClass aclass" time="-1.739362977688E9">
    <skipped/>
  </testcase> <!-- @AfterClass aclass -->
  <testcase classname="organizations.CreateOrgTest" name="createOrgTest" time="0.0">
    <skipped/>
  </testcase> <!-- createOrgTest -->
</testsuite> <!-- Test1 -->
